<?xml version="1.0" encoding="UTF-8"?>
<!-- Generated by org.testng.reporters.JUnitXMLReporter -->
<testsuite hostname="LAPTOP-BH638UES" ignored="0" name="hub spot regression Test" tests="3" failures="1" timestamp="18 Jun 2019 12:13:39 GMT" time="72.155" errors="0">
  <testcase name="verifyLoginPageTest" time="0.14" classname="com.qa.hubspot.tests.LoginPageTestBy">
    <failure type="java.lang.AssertionError" message="expected [HubSpot Login1234] but found [HubSpot Login]">
      <![CDATA[java.lang.AssertionError: expected [HubSpot Login1234] but found [HubSpot Login]
at com.qa.hubspot.tests.LoginPageTestBy.verifyLoginPageTest(LoginPageTestBy.java:47)
... Removed 34 stack frames]]>
    </failure>
  </testcase> <!-- verifyLoginPageTest -->
  <testcase name="verifySignUpLinkTest" time="0.136" classname="com.qa.hubspot.tests.LoginPageTestBy"/>
  <testcase name="hubSpotLoginTest" time="7.01" classname="com.qa.hubspot.tests.LoginPageTestBy"/>
</testsuite> <!-- hub spot regression Test -->
